-------------------------------------------------------------------------------
Test set: com.api.cucumber.runner.TestRunner
-------------------------------------------------------------------------------
Tests run: 1, Failures: 0, Errors: 1, Skipped: 0, Time elapsed: 0.004 s <<< FAILURE! - in com.api.cucumber.runner.TestRunner
initializationError(com.api.cucumber.runner.TestRunner)  Time elapsed: 0 s  <<< ERROR!
java.lang.IllegalArgumentException: Not a file or directory: C:\Users\avina\eclipse-workspace\cucumber\src\main\java\com\api\cucumber\featurefile

