<?xml version="1.0" encoding="UTF-8"?>
<testsuite xmlns:xsi="http://www.w3.org/2001/XMLSchema-instance" xsi:noNamespaceSchemaLocation="https://maven.apache.org/surefire/maven-surefire-plugin/xsd/surefire-test-report.xsd" name="com.api.cucumber.runner.PostMethodRunnerTest" time="7.359" tests="27" errors="4" skipped="1" failures="0">
  <properties>
[...]
</properties>
  <testcase name="Given I want to write a step with precondition" classname="Scenario: Title of your scenario" time="0"/>
  <testcase name="And some other precondition" classname="Scenario: Title of your scenario" time="0.001"/>
  <testcase name="When I complete action" classname="Scenario: Title of your scenario" time="0"/>
  <testcase name="And some other action" classname="Scenario: Title of your scenario" time="0"/>
  <testcase name="And yet another action" classname="Scenario: Title of your scenario" time="0"/>
  <testcase name="Then I validate the outcomes" classname="Scenario: Title of your scenario" time="0.009">
    <error message="TODO: implement me" type="cucumber.api.PendingException">cucumber.api.PendingException: TODO: implement me
</error>
  </testcase>
  <testcase name="Scenario: Title of your scenario" classname="Scenario: Title of your scenario" time="0.011">
    <error message="TODO: implement me" type="cucumber.api.PendingException">cucumber.api.PendingException: TODO: implement me
</error>
  </testcase>
  <testcase name="And check more outcomes" classname="Scenario: Title of your scenario" time="0">
    <skipped/>
  </testcase>
  <testcase name="Given I want to write a step with name1" classname="| name1 | 5 | success |" time="0"/>
  <testcase name="When I check for the 5 in step" classname="| name1 | 5 | success |" time="0"/>
  <testcase name="Then I verify the success in step" classname="| name1 | 5 | success |" time="0"/>
  <testcase name="| name1 | 5 | success |" classname="| name1 | 5 | success |" time="0.002"/>
  <testcase name="Given I want to write a step with name2" classname="| name2 | 7 | Fail |" time="0"/>
  <testcase name="When I check for the 7 in step" classname="| name2 | 7 | Fail |" time="0"/>
  <testcase name="Then I verify the Fail in step" classname="| name2 | 7 | Fail |" time="0"/>
  <testcase name="| name2 | 7 | Fail |" classname="| name2 | 7 | Fail |" time="0.002"/>
  <testcase name="Given Accept Content in Json Format" classname="Scenario: Add details" time="0"/>
  <testcase name="And Content type as Json" classname="Scenario: Add details" time="0"/>
  <testcase name="When I perform Post request with Brand name as &quot;Dell&quot; , Features as &quot;8 GB RAM , 1 TB Hard Drive&quot;,LaptopName as &quot;Latitude&quot;" classname="Scenario: Add details" time="0"/>
  <testcase name="Then Status code &quot;200&quot; should returned" classname="Scenario: Add details" time="0"/>
  <testcase name="And Response should have Integer Id" classname="Scenario: Add details" time="0"/>
  <testcase name="Scenario: Add details" classname="Scenario: Add details" time="0.004"/>
  <testcase name="Given Accept Content in Json Format" classname="Scenario: Post details with invalid body" time="0"/>
  <testcase name="And Content type as Json" classname="Scenario: Post details with invalid body" time="0"/>
  <testcase name="But I supply invalid json body" classname="Scenario: Post details with invalid body" time="0"/>
  <testcase name="Feature: Try to add laptop in laptop bag with Invalid body" classname="Feature: Try to add laptop in laptop bag with Invalid body" time="0.001">
    <error type="java.lang.NullPointerException">java.lang.NullPointerException
</error>
  </testcase>
  <testcase name="Feature: Update a laptop information in laptop bag" classname="Feature: Update a laptop information in laptop bag" time="0.004">
    <error message="Expected step: &quot;i perform Post request Status code &quot;400&quot; should returned&quot; got step: &quot;Accept Content in Json Format&quot;" type="cucumber.runtime.CucumberException">cucumber.runtime.CucumberException: Expected step: "i perform Post request Status code "400" should returned" got step: "Accept Content in Json Format"
</error>
    <system-out><![CDATA[
  @functional
  Scenario: Post details with invalid body                        # PostMethodInvalid.feature:4
    Given Accept Content in Json Format                           # PostMethodStepDefination.accept_Content_in_Json_Format()
    And Content type as Json                                      # PostMethodStepDefination.content_type_as_Json()
    But I supply invalid json body                                # PostMethodStepDefination.i_supply_invalid_json_body()
    When i perform Post request Status code "400" should returned
    Then Status code "400" should returned
Feature: Update a laptop information in laptop bag
Before Scenario of cucumber. HOOKS......
]]></system-out>
  </testcase>
</testsuite>